<?xml version="1.0" encoding="UTF-8"?>
<!-- Generated by org.testng.reporters.JUnitReportReporter -->
<testsuite hostname="Sudhish-Thulaseedharan" failures="0" tests="1" name="testscript.Financial_year_Page_Test" time="13.494" errors="0" timestamp="2024-09-15T18:39:13 IST" skipped="0">
  <testcase classname="testscript.Financial_year_Page_Test" name="display_Finacial_Year_Profit" time="13.494"/>
  <system-out/>
</testsuite> <!-- testscript.Financial_year_Page_Test -->
