<?xml version="1.0" encoding="UTF-8"?>
<!-- Generated by org.testng.reporters.JUnitReportReporter -->
<testsuite hostname="Sudhish-Thulaseedharan" failures="0" tests="1" name="testscript.Stock_Transfers_Page_Test" time="15.736" errors="0" timestamp="2024-09-17T23:56:25 IST" skipped="0">
  <testcase classname="testscript.Stock_Transfers_Page_Test" name="verify_search_stock_location" time="15.736"/>
  <system-out/>
</testsuite> <!-- testscript.Stock_Transfers_Page_Test -->
