<?xml version="1.0" encoding="UTF-8"?>
<!-- Generated by org.testng.reporters.JUnitReportReporter -->
<testsuite hostname="Sudhish-Thulaseedharan" failures="0" tests="1" name="testscript.Home_Page_Test" time="41.771" errors="0" timestamp="2024-09-14T19:04:03 IST" skipped="0">
  <testcase classname="testscript.Home_Page_Test" name="verify_User_Login_Date" time="41.771"/>
  <system-out/>
</testsuite> <!-- testscript.Home_Page_Test -->
