<?xml version="1.0" encoding="UTF-8"?>
<!-- Generated by org.testng.reporters.JUnitReportReporter -->
<testsuite hostname="Sudhish-Thulaseedharan" failures="0" tests="1" name="testscript.Contacts_Page_Test" time="84.161" errors="0" timestamp="2024-09-14T22:15:21 IST" skipped="0">
  <testcase classname="testscript.Contacts_Page_Test" name="verify_Add_category_Data" time="84.161"/>
  <system-out/>
</testsuite> <!-- testscript.Contacts_Page_Test -->
