<?xml version="1.0" encoding="UTF-8"?>
<!-- Generated by org.testng.reporters.JUnitReportReporter -->
<testsuite hostname="Sudhish-Thulaseedharan" failures="0" tests="1" name="Test_Script.Reset_Page_Test" time="18.606" errors="0" timestamp="2024-09-10T10:22:35 IST" skipped="0">
  <testcase classname="Test_Script.Reset_Page_Test" name="verify_Password_Resetwith_Valid_Emailaddress" time="18.606"/>
  <system-out/>
</testsuite> <!-- Test_Script.Reset_Page_Test -->
