<?xml version="1.0" encoding="UTF-8"?>
<!-- Generated by org.testng.reporters.JUnitReportReporter -->
<testsuite hostname="Sudhish-Thulaseedharan" failures="0" tests="1" name="testscript.Admin_Update_Page_Test" time="26.276" errors="0" timestamp="2024-09-15T11:00:46 IST" skipped="0">
  <testcase classname="testscript.Admin_Update_Page_Test" name="click_On_Admin_Updates" time="26.276"/>
  <system-out/>
</testsuite> <!-- testscript.Admin_Update_Page_Test -->
