<?xml version="1.0" encoding="UTF-8"?>
<!-- Generated by org.testng.reporters.JUnitReportReporter -->
<testsuite hostname="Sudhish-Thulaseedharan" failures="0" tests="1" name="testscript.Stock_Transfers_Page_Test" time="16.356" errors="0" timestamp="2024-09-15T19:03:48 IST" skipped="0">
  <testcase classname="testscript.Stock_Transfers_Page_Test" name="verify_search_stock_location" time="16.356"/>
  <system-out/>
</testsuite> <!-- testscript.Stock_Transfers_Page_Test -->
